build/app/intermediates/manifest_merge_blame_file/debug/manifest-merger-blame-debug-report.txt
1<?xml version="1.0" encoding="utf-8"?>
2<manifest xmlns:android="http://schemas.android.com/apk/res/android"
3    package="com.trueconnect.launch"
4    android:versionCode="1"
5    android:versionName="1.0.0" >
6
7    <uses-sdk
8        android:minSdkVersion="19"
9        android:targetSdkVersion="29" />
10    <!--
11         Flutter needs it to communicate with the running application
12         to allow setting breakpoints, to provide hot reload, etc.
13    -->
14    <uses-permission android:name="android.permission.INTERNET" />
14-->src/debug/AndroidManifest.xml:6:5-66
14-->src/debug/AndroidManifest.xml:6:22-64
15    <uses-permission android:name="android.permission.READ_EXTERNAL_STORAGE" />
15-->[:image_picker] AndroidManifest.xml:7:5-80
15-->[:image_picker] AndroidManifest.xml:7:22-77
16    <uses-permission android:name="android.permission.WRITE_EXTERNAL_STORAGE" />
16-->[:image_picker] AndroidManifest.xml:8:5-81
16-->[:image_picker] AndroidManifest.xml:8:22-78
17    <uses-permission android:name="android.permission.ACCESS_FINE_LOCATION" /> <!-- Although the *SdkVersion is captured in gradle build files, this is required for non gradle builds -->
17-->[:geolocator] AndroidManifest.xml:7:5-79
17-->[:geolocator] AndroidManifest.xml:7:22-76
18    <!-- <uses-sdk android:minSdkVersion="14" /> -->
19    <uses-permission android:name="android.permission.ACCESS_NETWORK_STATE" />
19-->[com.google.firebase:firebase-firestore:21.3.1] AndroidManifest.xml:13:5-79
19-->[com.google.firebase:firebase-firestore:21.3.1] AndroidManifest.xml:13:22-76
20    <uses-permission android:name="android.permission.WAKE_LOCK" /> <!-- Required by older versions of Google Play services to create IID tokens -->
20-->[com.google.android.gms:play-services-measurement-api:17.0.0] AndroidManifest.xml:24:5-68
20-->[com.google.android.gms:play-services-measurement-api:17.0.0] AndroidManifest.xml:24:22-65
21    <uses-permission android:name="com.google.android.c2dm.permission.RECEIVE" />
21-->[com.google.firebase:firebase-iid:19.0.0] AndroidManifest.xml:26:5-82
21-->[com.google.firebase:firebase-iid:19.0.0] AndroidManifest.xml:26:22-79
22    <uses-permission android:name="com.google.android.finsky.permission.BIND_GET_INSTALL_REFERRER_SERVICE" />
22-->[com.google.android.gms:play-services-measurement:17.0.0] AndroidManifest.xml:26:5-110
22-->[com.google.android.gms:play-services-measurement:17.0.0] AndroidManifest.xml:26:22-107
23    <!--
24 io.flutter.app.FlutterApplication is an android.app.Application that
25         calls FlutterMain.startInitialization(this); in its onCreate method.
26         In most cases you can leave this as-is, but you if you want to provide
27         additional functionality it is fine to subclass or reimplement
28         FlutterApplication and put your custom class here.
29    -->
30    <application
30-->src/main/AndroidManifest.xml:12:5-48:19
31        android:name="io.flutter.app.FlutterApplication"
31-->src/main/AndroidManifest.xml:14:9-57
32        android:appComponentFactory="androidx.core.app.CoreComponentFactory"
32-->[androidx.core:core:1.2.0] AndroidManifest.xml:24:18-86
33        android:debuggable="true"
34        android:icon="@mipmap/ic_launcher"
34-->src/main/AndroidManifest.xml:16:9-43
35        android:label="trueconnect"
35-->src/main/AndroidManifest.xml:15:9-36
36        android:supportsRtl="true" >
36-->[com.facebook.android:facebook-login:4.39.0] AndroidManifest.xml:28:18-44
37        <activity
37-->src/main/AndroidManifest.xml:17:9-28:20
38            android:name="com.example.trueconnect.MainActivity"
38-->src/main/AndroidManifest.xml:18:13-41
39            android:configChanges="orientation|keyboardHidden|keyboard|screenSize|smallestScreenSize|locale|layoutDirection|fontScale|screenLayout|density|uiMode"
39-->src/main/AndroidManifest.xml:21:13-163
40            android:hardwareAccelerated="true"
40-->src/main/AndroidManifest.xml:22:13-47
41            android:launchMode="singleTop"
41-->src/main/AndroidManifest.xml:19:13-43
42            android:theme="@style/LaunchTheme"
42-->src/main/AndroidManifest.xml:20:13-47
43            android:windowSoftInputMode="adjustResize" >
43-->src/main/AndroidManifest.xml:23:13-55
44            <intent-filter>
44-->src/main/AndroidManifest.xml:24:13-27:29
45                <action android:name="android.intent.action.MAIN" />
45-->src/main/AndroidManifest.xml:25:17-68
45-->src/main/AndroidManifest.xml:25:25-66
46
47                <category android:name="android.intent.category.LAUNCHER" />
47-->src/main/AndroidManifest.xml:26:17-76
47-->src/main/AndroidManifest.xml:26:27-74
48            </intent-filter>
49        </activity>
50
51        <meta-data
51-->src/main/AndroidManifest.xml:30:9-107
52            android:name="com.facebook.sdk.ApplicationId"
52-->src/main/AndroidManifest.xml:30:20-65
53            android:value="@string/facebook_app_id" />
53-->src/main/AndroidManifest.xml:30:66-105
54
55        <activity
55-->src/main/AndroidManifest.xml:31:9-32:102
56            android:name="com.facebook.FacebookActivity"
56-->src/main/AndroidManifest.xml:31:19-63
57            android:configChanges="keyboard|keyboardHidden|screenLayout|screenSize|orientation"
57-->src/main/AndroidManifest.xml:31:64-152
58            android:label="@string/app_name"
58-->src/main/AndroidManifest.xml:32:67-99
59            android:theme="@style/com_facebook_activity_theme" />
59-->[com.facebook.android:facebook-common:4.39.0] AndroidManifest.xml:32:13-63
60        <activity
60-->src/main/AndroidManifest.xml:34:1-41:12
61            android:name="com.facebook.CustomTabActivity"
61-->src/main/AndroidManifest.xml:34:11-56
62            android:exported="true" >
62-->src/main/AndroidManifest.xml:34:57-80
63            <intent-filter>
63-->src/main/AndroidManifest.xml:35:5-40:21
64                <action android:name="android.intent.action.VIEW" />
64-->src/main/AndroidManifest.xml:36:9-61
64-->src/main/AndroidManifest.xml:36:17-58
65
66                <category android:name="android.intent.category.DEFAULT" />
66-->src/main/AndroidManifest.xml:37:9-68
66-->src/main/AndroidManifest.xml:37:19-65
67                <category android:name="android.intent.category.BROWSABLE" />
67-->src/main/AndroidManifest.xml:38:9-70
67-->src/main/AndroidManifest.xml:38:19-67
68
69                <data android:scheme="@string/fb_login_protocol_scheme" />
69-->src/main/AndroidManifest.xml:39:9-67
69-->src/main/AndroidManifest.xml:39:15-64
70            </intent-filter>
71        </activity>
72
73        <!--
74             Don't delete the meta-data below.
75             This is used by the Flutter tool to generate GeneratedPluginRegistrant.java
76        -->
77        <meta-data
77-->src/main/AndroidManifest.xml:45:9-47:33
78            android:name="flutterEmbedding"
78-->src/main/AndroidManifest.xml:46:13-44
79            android:value="2" />
79-->src/main/AndroidManifest.xml:47:13-30
80
81        <provider
81-->[:image_picker] AndroidManifest.xml:11:9-19:20
82            android:name="io.flutter.plugins.imagepicker.ImagePickerFileProvider"
82-->[:image_picker] AndroidManifest.xml:12:13-82
83            android:authorities="com.trueconnect.launch.flutter.image_provider"
83-->[:image_picker] AndroidManifest.xml:13:13-74
84            android:exported="false"
84-->[:image_picker] AndroidManifest.xml:14:13-37
85            android:grantUriPermissions="true" >
85-->[:image_picker] AndroidManifest.xml:15:13-47
86            <meta-data
86-->[:image_picker] AndroidManifest.xml:16:13-18:75
87                android:name="android.support.FILE_PROVIDER_PATHS"
87-->[:image_picker] AndroidManifest.xml:17:17-67
88                android:resource="@xml/flutter_image_picker_file_paths" />
88-->[:image_picker] AndroidManifest.xml:18:17-72
89        </provider>
90
91        <service
91-->[:cloud_firestore] AndroidManifest.xml:8:9-12:19
92            android:name="com.google.firebase.components.ComponentDiscoveryService"
92-->[:cloud_firestore] AndroidManifest.xml:8:18-89
93            android:directBootAware="true"
93-->[com.google.firebase:firebase-common:19.3.0] AndroidManifest.xml:34:13-43
94            android:exported="false" >
94-->[com.google.firebase:firebase-firestore:21.3.1] AndroidManifest.xml:19:13-37
95            <meta-data
95-->[:cloud_firestore] AndroidManifest.xml:9:13-11:85
96                android:name="com.google.firebase.components:io.flutter.plugins.firebase.cloudfirestore.FlutterFirebaseAppRegistrar"
96-->[:cloud_firestore] AndroidManifest.xml:10:17-133
97                android:value="com.google.firebase.components.ComponentRegistrar" />
97-->[:cloud_firestore] AndroidManifest.xml:11:17-82
98            <meta-data
98-->[:firebase_auth] AndroidManifest.xml:9:13-11:85
99                android:name="com.google.firebase.components:io.flutter.plugins.firebaseauth.FlutterFirebaseAppRegistrar"
99-->[:firebase_auth] AndroidManifest.xml:10:17-122
100                android:value="com.google.firebase.components.ComponentRegistrar" />
100-->[:firebase_auth] AndroidManifest.xml:11:17-82
101            <meta-data
101-->[:firebase_storage] AndroidManifest.xml:9:13-11:85
102                android:name="com.google.firebase.components:io.flutter.plugins.firebase.storage.FlutterFirebaseAppRegistrar"
102-->[:firebase_storage] AndroidManifest.xml:10:17-126
103                android:value="com.google.firebase.components.ComponentRegistrar" />
103-->[:firebase_storage] AndroidManifest.xml:11:17-82
104            <meta-data
104-->[:firebase_core] AndroidManifest.xml:9:13-11:85
105                android:name="com.google.firebase.components:io.flutter.plugins.firebase.core.FlutterFirebaseAppRegistrar"
105-->[:firebase_core] AndroidManifest.xml:10:17-123
106                android:value="com.google.firebase.components.ComponentRegistrar" />
106-->[:firebase_core] AndroidManifest.xml:11:17-82
107            <meta-data
107-->[com.google.firebase:firebase-firestore:21.3.1] AndroidManifest.xml:20:13-22:85
108                android:name="com.google.firebase.components:com.google.firebase.firestore.FirestoreRegistrar"
108-->[com.google.firebase:firebase-firestore:21.3.1] AndroidManifest.xml:21:17-111
109                android:value="com.google.firebase.components.ComponentRegistrar" />
109-->[com.google.firebase:firebase-firestore:21.3.1] AndroidManifest.xml:22:17-82
110            <meta-data
110-->[com.google.firebase:firebase-auth:19.2.0] AndroidManifest.xml:36:13-38:85
111                android:name="com.google.firebase.components:com.google.firebase.auth.FirebaseAuthRegistrar"
111-->[com.google.firebase:firebase-auth:19.2.0] AndroidManifest.xml:37:17-109
112                android:value="com.google.firebase.components.ComponentRegistrar" />
112-->[com.google.firebase:firebase-auth:19.2.0] AndroidManifest.xml:38:17-82
113            <meta-data
113-->[com.google.firebase:firebase-storage:17.0.0] AndroidManifest.xml:31:13-33:85
114                android:name="com.google.firebase.components:com.google.firebase.storage.StorageRegistrar"
114-->[com.google.firebase:firebase-storage:17.0.0] AndroidManifest.xml:32:17-107
115                android:value="com.google.firebase.components.ComponentRegistrar" />
115-->[com.google.firebase:firebase-storage:17.0.0] AndroidManifest.xml:33:17-82
116            <meta-data
116-->[com.google.android.gms:play-services-measurement-api:17.0.0] AndroidManifest.xml:30:13-32:85
117                android:name="com.google.firebase.components:com.google.firebase.analytics.connector.internal.AnalyticsConnectorRegistrar"
117-->[com.google.android.gms:play-services-measurement-api:17.0.0] AndroidManifest.xml:31:17-139
118                android:value="com.google.firebase.components.ComponentRegistrar" />
118-->[com.google.android.gms:play-services-measurement-api:17.0.0] AndroidManifest.xml:32:17-82
119            <meta-data
119-->[com.google.firebase:firebase-iid:19.0.0] AndroidManifest.xml:32:13-34:85
120                android:name="com.google.firebase.components:com.google.firebase.iid.Registrar"
120-->[com.google.firebase:firebase-iid:19.0.0] AndroidManifest.xml:33:17-96
121                android:value="com.google.firebase.components.ComponentRegistrar" />
121-->[com.google.firebase:firebase-iid:19.0.0] AndroidManifest.xml:34:17-82
122        </service>
123
124        <provider
124-->[com.sangcomz:FishBun:0.11.2] AndroidManifest.xml:12:9-20:20
125            android:name="com.sangcomz.fishbun.FishBunFileProvider"
125-->[com.sangcomz:FishBun:0.11.2] AndroidManifest.xml:13:13-68
126            android:authorities="com.trueconnect.launch.fishbunfileprovider"
126-->[com.sangcomz:FishBun:0.11.2] AndroidManifest.xml:14:13-71
127            android:exported="false"
127-->[com.sangcomz:FishBun:0.11.2] AndroidManifest.xml:15:13-37
128            android:grantUriPermissions="true" >
128-->[com.sangcomz:FishBun:0.11.2] AndroidManifest.xml:16:13-47
129            <meta-data
129-->[:image_picker] AndroidManifest.xml:16:13-18:75
130                android:name="android.support.FILE_PROVIDER_PATHS"
130-->[:image_picker] AndroidManifest.xml:17:17-67
131                android:resource="@xml/provider_paths" />
131-->[:image_picker] AndroidManifest.xml:18:17-72
132        </provider>
133
134        <activity
134-->[com.sangcomz:FishBun:0.11.2] AndroidManifest.xml:22:9-25:51
135            android:name="com.sangcomz.fishbun.ui.album.AlbumActivity"
135-->[com.sangcomz:FishBun:0.11.2] AndroidManifest.xml:23:13-71
136            android:label="@string/album"
136-->[com.sangcomz:FishBun:0.11.2] AndroidManifest.xml:24:13-42
137            android:theme="@style/FishBunTheme" />
137-->[com.sangcomz:FishBun:0.11.2] AndroidManifest.xml:25:13-48
138        <activity
138-->[com.sangcomz:FishBun:0.11.2] AndroidManifest.xml:26:9-28:51
139            android:name="com.sangcomz.fishbun.ui.picker.PickerActivity"
139-->[com.sangcomz:FishBun:0.11.2] AndroidManifest.xml:27:13-73
140            android:theme="@style/FishBunTheme" />
140-->[com.sangcomz:FishBun:0.11.2] AndroidManifest.xml:28:13-48
141        <activity
141-->[com.sangcomz:FishBun:0.11.2] AndroidManifest.xml:29:9-31:54
142            android:name="com.sangcomz.fishbun.ui.detail.DetailActivity"
142-->[com.sangcomz:FishBun:0.11.2] AndroidManifest.xml:30:13-73
143            android:theme="@style/DetailViewTheme" />
143-->[com.sangcomz:FishBun:0.11.2] AndroidManifest.xml:31:13-51
144        <activity
144-->[com.google.firebase:firebase-auth:19.2.0] AndroidManifest.xml:24:9-31:50
145            android:name="com.google.firebase.auth.internal.FederatedSignInActivity"
145-->[com.google.firebase:firebase-auth:19.2.0] AndroidManifest.xml:25:13-85
146            android:excludeFromRecents="true"
146-->[com.google.firebase:firebase-auth:19.2.0] AndroidManifest.xml:26:13-46
147            android:exported="true"
147-->[com.google.firebase:firebase-auth:19.2.0] AndroidManifest.xml:27:13-36
148            android:launchMode="singleTask"
148-->[com.google.firebase:firebase-auth:19.2.0] AndroidManifest.xml:28:13-44
149            android:permission="com.google.firebase.auth.api.gms.permission.LAUNCH_FEDERATED_SIGN_IN"
149-->[com.google.firebase:firebase-auth:19.2.0] AndroidManifest.xml:29:13-102
150            android:theme="@android:style/Theme.Translucent.NoTitleBar" />
150-->[com.google.firebase:firebase-auth:19.2.0] AndroidManifest.xml:30:13-72
151
152        <receiver
152-->[com.google.firebase:firebase-iid:19.0.0] AndroidManifest.xml:37:9-44:20
153            android:name="com.google.firebase.iid.FirebaseInstanceIdReceiver"
153-->[com.google.firebase:firebase-iid:19.0.0] AndroidManifest.xml:38:13-78
154            android:exported="true"
154-->[com.google.firebase:firebase-iid:19.0.0] AndroidManifest.xml:39:13-36
155            android:permission="com.google.android.c2dm.permission.SEND" >
155-->[com.google.firebase:firebase-iid:19.0.0] AndroidManifest.xml:40:13-73
156            <intent-filter>
156-->[com.google.firebase:firebase-iid:19.0.0] AndroidManifest.xml:41:13-43:29
157                <action android:name="com.google.android.c2dm.intent.RECEIVE" />
157-->[com.google.firebase:firebase-iid:19.0.0] AndroidManifest.xml:42:17-81
157-->[com.google.firebase:firebase-iid:19.0.0] AndroidManifest.xml:42:25-78
158            </intent-filter>
159        </receiver>
160
161        <activity
161-->[com.google.android.gms:play-services-base:17.2.1] AndroidManifest.xml:23:9-26:75
162            android:name="com.google.android.gms.common.api.GoogleApiActivity"
162-->[com.google.android.gms:play-services-base:17.2.1] AndroidManifest.xml:24:13-79
163            android:exported="false"
163-->[com.google.android.gms:play-services-base:17.2.1] AndroidManifest.xml:25:13-37
164            android:theme="@android:style/Theme.Translucent.NoTitleBar" />
164-->[com.google.android.gms:play-services-base:17.2.1] AndroidManifest.xml:26:13-72
165
166        <provider
166-->[com.google.firebase:firebase-common:19.3.0] AndroidManifest.xml:26:9-30:39
167            android:name="com.google.firebase.provider.FirebaseInitProvider"
167-->[com.google.firebase:firebase-common:19.3.0] AndroidManifest.xml:27:13-77
168            android:authorities="com.trueconnect.launch.firebaseinitprovider"
168-->[com.google.firebase:firebase-common:19.3.0] AndroidManifest.xml:28:13-72
169            android:exported="false"
169-->[com.google.firebase:firebase-common:19.3.0] AndroidManifest.xml:29:13-37
170            android:initOrder="100" />
170-->[com.google.firebase:firebase-common:19.3.0] AndroidManifest.xml:30:13-36
171
172        <receiver
172-->[com.google.android.gms:play-services-measurement:17.0.0] AndroidManifest.xml:29:9-33:20
173            android:name="com.google.android.gms.measurement.AppMeasurementReceiver"
173-->[com.google.android.gms:play-services-measurement:17.0.0] AndroidManifest.xml:30:13-85
174            android:enabled="true"
174-->[com.google.android.gms:play-services-measurement:17.0.0] AndroidManifest.xml:31:13-35
175            android:exported="false" >
175-->[com.google.android.gms:play-services-measurement:17.0.0] AndroidManifest.xml:32:13-37
176        </receiver>
177        <receiver
177-->[com.google.android.gms:play-services-measurement:17.0.0] AndroidManifest.xml:34:9-42:20
178            android:name="com.google.android.gms.measurement.AppMeasurementInstallReferrerReceiver"
178-->[com.google.android.gms:play-services-measurement:17.0.0] AndroidManifest.xml:35:13-100
179            android:enabled="true"
179-->[com.google.android.gms:play-services-measurement:17.0.0] AndroidManifest.xml:36:13-35
180            android:exported="true"
180-->[com.google.android.gms:play-services-measurement:17.0.0] AndroidManifest.xml:37:13-36
181            android:permission="android.permission.INSTALL_PACKAGES" >
181-->[com.google.android.gms:play-services-measurement:17.0.0] AndroidManifest.xml:38:13-69
182            <intent-filter>
182-->[com.google.android.gms:play-services-measurement:17.0.0] AndroidManifest.xml:39:13-41:29
183                <action android:name="com.android.vending.INSTALL_REFERRER" />
183-->[com.google.android.gms:play-services-measurement:17.0.0] AndroidManifest.xml:40:17-79
183-->[com.google.android.gms:play-services-measurement:17.0.0] AndroidManifest.xml:40:25-76
184            </intent-filter>
185        </receiver>
186
187        <service
187-->[com.google.android.gms:play-services-measurement:17.0.0] AndroidManifest.xml:44:9-47:40
188            android:name="com.google.android.gms.measurement.AppMeasurementService"
188-->[com.google.android.gms:play-services-measurement:17.0.0] AndroidManifest.xml:45:13-84
189            android:enabled="true"
189-->[com.google.android.gms:play-services-measurement:17.0.0] AndroidManifest.xml:46:13-35
190            android:exported="false" />
190-->[com.google.android.gms:play-services-measurement:17.0.0] AndroidManifest.xml:47:13-37
191        <service
191-->[com.google.android.gms:play-services-measurement:17.0.0] AndroidManifest.xml:48:9-52:72
192            android:name="com.google.android.gms.measurement.AppMeasurementJobService"
192-->[com.google.android.gms:play-services-measurement:17.0.0] AndroidManifest.xml:49:13-87
193            android:enabled="true"
193-->[com.google.android.gms:play-services-measurement:17.0.0] AndroidManifest.xml:50:13-35
194            android:exported="false"
194-->[com.google.android.gms:play-services-measurement:17.0.0] AndroidManifest.xml:51:13-37
195            android:permission="android.permission.BIND_JOB_SERVICE" />
195-->[com.google.android.gms:play-services-measurement:17.0.0] AndroidManifest.xml:52:13-69
196
197        <meta-data
197-->[com.google.android.gms:play-services-basement:17.2.1] AndroidManifest.xml:23:9-25:69
198            android:name="com.google.android.gms.version"
198-->[com.google.android.gms:play-services-basement:17.2.1] AndroidManifest.xml:24:13-58
199            android:value="@integer/google_play_services_version" />
199-->[com.google.android.gms:play-services-basement:17.2.1] AndroidManifest.xml:25:13-66
200
201        <activity android:name="com.facebook.CustomTabMainActivity" />
201-->[com.facebook.android:facebook-common:4.39.0] AndroidManifest.xml:33:9-71
201-->[com.facebook.android:facebook-common:4.39.0] AndroidManifest.xml:33:19-68
202        <!--
203         The initialization ContentProvider will call FacebookSdk.sdkInitialize automatically
204         with the application context. This config is merged in with the host app's manifest,
205         but there can only be one provider with the same authority activated at any given
206         point; so if the end user has two or more different apps that use Facebook SDK, only the
207         first one will be able to use the provider. To work around this problem, we use the
208         following placeholder in the authority to identify each host application as if it was
209         a completely different provider.
210        -->
211        <provider
211-->[com.facebook.android:facebook-core:4.39.0] AndroidManifest.xml:39:9-42:40
212            android:name="com.facebook.internal.FacebookInitProvider"
212-->[com.facebook.android:facebook-core:4.39.0] AndroidManifest.xml:40:13-70
213            android:authorities="com.trueconnect.launch.FacebookInitProvider"
213-->[com.facebook.android:facebook-core:4.39.0] AndroidManifest.xml:41:13-72
214            android:exported="false" />
214-->[com.facebook.android:facebook-core:4.39.0] AndroidManifest.xml:42:13-37
215
216        <receiver
216-->[com.facebook.android:facebook-core:4.39.0] AndroidManifest.xml:44:9-50:20
217            android:name="com.facebook.CurrentAccessTokenExpirationBroadcastReceiver"
217-->[com.facebook.android:facebook-core:4.39.0] AndroidManifest.xml:45:13-86
218            android:exported="false" >
218-->[com.facebook.android:facebook-core:4.39.0] AndroidManifest.xml:46:13-37
219            <intent-filter>
219-->[com.facebook.android:facebook-core:4.39.0] AndroidManifest.xml:47:13-49:29
220                <action android:name="com.facebook.sdk.ACTION_CURRENT_ACCESS_TOKEN_CHANGED" />
220-->[com.facebook.android:facebook-core:4.39.0] AndroidManifest.xml:48:17-95
220-->[com.facebook.android:facebook-core:4.39.0] AndroidManifest.xml:48:25-92
221            </intent-filter>
222        </receiver>
223    </application>
224
225</manifest>